Evaluating:
Input: data/crows_pairs_anonymized.csv
Model: bert
====================================================================================================
====================================================================================================
Total examples: 1508
Metric score: 60.48
Stereotype score: 61.09
Anti-stereotype score: 56.88
Num. neutral: 0 0.0
====================================================================================================

Evaluating:
Input: data/crows_pairs_anonymized.csv
Model: roberta
====================================================================================================
====================================================================================================
Total examples: 1508
Metric score: 65.45
Stereotype score: 66.8
Anti-stereotype score: 57.8
Num. neutral: 1 0.07
====================================================================================================

Evaluating:
Input: data/crows_pairs_anonymized.csv
Model: biobert
====================================================================================================
====================================================================================================
Total examples: 1508
Metric score: 47.75
Stereotype score: 46.28
Anti-stereotype score: 56.42
Num. neutral: 0 0.0
====================================================================================================

Evaluating:
Input: data/crows_pairs_anonymized.csv
Model: scibert
====================================================================================================
====================================================================================================
Total examples: 1508
Metric score: 57.16
Stereotype score: 57.67
Anti-stereotype score: 54.13
Num. neutral: 0 0.0
====================================================================================================

