Downloaded and generated configs for 'boolq' (1/10)
Downloaded and generated configs for 'cb' (2/10)
Downloaded and generated configs for 'copa' (3/10)
Downloaded and generated configs for 'multirc' (4/10)
Downloaded and generated configs for 'record' (5/10)
Downloaded and generated configs for 'rte' (6/10)
Downloaded and generated configs for 'wic' (7/10)
Downloaded and generated configs for 'wsc' (8/10)
Downloaded and generated configs for 'superglue_broadcoverage_diagnostics' (9/10)
Downloaded and generated configs for 'superglue_winogender_diagnostics' (10/10)
Downloading model
Tokenizing Task 'boolq' for phases 'train,val,test'
BoolQTask
  [train]: /home/ks4765/jiant/bert_results/tasks/data/boolq/train.jsonl
  [test]: /home/ks4765/jiant/bert_results/tasks/data/boolq/test.jsonl
  [val]: /home/ks4765/jiant/bert_results/tasks/data/boolq/val.jsonl
Running from start
  jiant_task_container_config_path: ./bert_results/run_configs/simple_config.json
  output_dir: ./bert_results/runs/simple
  hf_pretrained_model_name_or_path: bert-base-uncased
  model_path: ./bert_results/models/bert/model/model.p
  model_config_path: ./bert_results/models/bert/model/config.json
  model_load_mode: from_transformers
  do_train: True
  do_val: True
  do_save: False
  do_save_last: False
  do_save_best: False
  write_val_preds: False
  write_test_preds: False
  eval_every_steps: 0
  save_every_steps: 0
  save_checkpoint_every_steps: 0
  no_improvements_for_n_evals: 0
  keep_checkpoint_when_done: False
  force_overwrite: False
  seed: -1
  learning_rate: 1e-05
  adam_epsilon: 1e-08
  max_grad_norm: 1.0
  optimizer_type: adam
  no_cuda: False
  fp16: False
  fp16_opt_level: O1
  local_rank: -1
  server_ip: 
  server_port: 
device: cuda n_gpu: 1, distributed training: False, 16-bits training: False
Using seed: 3180977813
{
  "jiant_task_container_config_path": "./bert_results/run_configs/simple_config.json",
  "output_dir": "./bert_results/runs/simple",
  "hf_pretrained_model_name_or_path": "bert-base-uncased",
  "model_path": "./bert_results/models/bert/model/model.p",
  "model_config_path": "./bert_results/models/bert/model/config.json",
  "model_load_mode": "from_transformers",
  "do_train": true,
  "do_val": true,
  "do_save": false,
  "do_save_last": false,
  "do_save_best": false,
  "write_val_preds": false,
  "write_test_preds": false,
  "eval_every_steps": 0,
  "save_every_steps": 0,
  "save_checkpoint_every_steps": 0,
  "no_improvements_for_n_evals": 0,
  "keep_checkpoint_when_done": false,
  "force_overwrite": false,
  "seed": 3180977813,
  "learning_rate": 1e-05,
  "adam_epsilon": 1e-08,
  "max_grad_norm": 1.0,
  "optimizer_type": "adam",
  "no_cuda": false,
  "fp16": false,
  "fp16_opt_level": "O1",
  "local_rank": -1,
  "server_ip": "",
  "server_port": ""
}
1
Creating Tasks:
    boolq (BoolQTask): ./bert_results/tasks/configs/boolq_config.json
No optimizer decay for:
  encoder.embeddings.LayerNorm.weight
  encoder.embeddings.LayerNorm.bias
  encoder.encoder.layer.0.attention.self.query.bias
  encoder.encoder.layer.0.attention.self.key.bias
  encoder.encoder.layer.0.attention.self.value.bias
  encoder.encoder.layer.0.attention.output.dense.bias
  encoder.encoder.layer.0.attention.output.LayerNorm.weight
  encoder.encoder.layer.0.attention.output.LayerNorm.bias
  encoder.encoder.layer.0.intermediate.dense.bias
  encoder.encoder.layer.0.output.dense.bias
  encoder.encoder.layer.0.output.LayerNorm.weight
  encoder.encoder.layer.0.output.LayerNorm.bias
  encoder.encoder.layer.1.attention.self.query.bias
  encoder.encoder.layer.1.attention.self.key.bias
  encoder.encoder.layer.1.attention.self.value.bias
  encoder.encoder.layer.1.attention.output.dense.bias
  encoder.encoder.layer.1.attention.output.LayerNorm.weight
  encoder.encoder.layer.1.attention.output.LayerNorm.bias
  encoder.encoder.layer.1.intermediate.dense.bias
  encoder.encoder.layer.1.output.dense.bias
  encoder.encoder.layer.1.output.LayerNorm.weight
  encoder.encoder.layer.1.output.LayerNorm.bias
  encoder.encoder.layer.2.attention.self.query.bias
  encoder.encoder.layer.2.attention.self.key.bias
  encoder.encoder.layer.2.attention.self.value.bias
  encoder.encoder.layer.2.attention.output.dense.bias
  encoder.encoder.layer.2.attention.output.LayerNorm.weight
  encoder.encoder.layer.2.attention.output.LayerNorm.bias
  encoder.encoder.layer.2.intermediate.dense.bias
  encoder.encoder.layer.2.output.dense.bias
  encoder.encoder.layer.2.output.LayerNorm.weight
  encoder.encoder.layer.2.output.LayerNorm.bias
  encoder.encoder.layer.3.attention.self.query.bias
  encoder.encoder.layer.3.attention.self.key.bias
  encoder.encoder.layer.3.attention.self.value.bias
  encoder.encoder.layer.3.attention.output.dense.bias
  encoder.encoder.layer.3.attention.output.LayerNorm.weight
  encoder.encoder.layer.3.attention.output.LayerNorm.bias
  encoder.encoder.layer.3.intermediate.dense.bias
  encoder.encoder.layer.3.output.dense.bias
  encoder.encoder.layer.3.output.LayerNorm.weight
  encoder.encoder.layer.3.output.LayerNorm.bias
  encoder.encoder.layer.4.attention.self.query.bias
  encoder.encoder.layer.4.attention.self.key.bias
  encoder.encoder.layer.4.attention.self.value.bias
  encoder.encoder.layer.4.attention.output.dense.bias
  encoder.encoder.layer.4.attention.output.LayerNorm.weight
  encoder.encoder.layer.4.attention.output.LayerNorm.bias
  encoder.encoder.layer.4.intermediate.dense.bias
  encoder.encoder.layer.4.output.dense.bias
  encoder.encoder.layer.4.output.LayerNorm.weight
  encoder.encoder.layer.4.output.LayerNorm.bias
  encoder.encoder.layer.5.attention.self.query.bias
  encoder.encoder.layer.5.attention.self.key.bias
  encoder.encoder.layer.5.attention.self.value.bias
  encoder.encoder.layer.5.attention.output.dense.bias
  encoder.encoder.layer.5.attention.output.LayerNorm.weight
  encoder.encoder.layer.5.attention.output.LayerNorm.bias
  encoder.encoder.layer.5.intermediate.dense.bias
  encoder.encoder.layer.5.output.dense.bias
  encoder.encoder.layer.5.output.LayerNorm.weight
  encoder.encoder.layer.5.output.LayerNorm.bias
  encoder.encoder.layer.6.attention.self.query.bias
  encoder.encoder.layer.6.attention.self.key.bias
  encoder.encoder.layer.6.attention.self.value.bias
  encoder.encoder.layer.6.attention.output.dense.bias
  encoder.encoder.layer.6.attention.output.LayerNorm.weight
  encoder.encoder.layer.6.attention.output.LayerNorm.bias
  encoder.encoder.layer.6.intermediate.dense.bias
  encoder.encoder.layer.6.output.dense.bias
  encoder.encoder.layer.6.output.LayerNorm.weight
  encoder.encoder.layer.6.output.LayerNorm.bias
  encoder.encoder.layer.7.attention.self.query.bias
  encoder.encoder.layer.7.attention.self.key.bias
  encoder.encoder.layer.7.attention.self.value.bias
  encoder.encoder.layer.7.attention.output.dense.bias
  encoder.encoder.layer.7.attention.output.LayerNorm.weight
  encoder.encoder.layer.7.attention.output.LayerNorm.bias
  encoder.encoder.layer.7.intermediate.dense.bias
  encoder.encoder.layer.7.output.dense.bias
  encoder.encoder.layer.7.output.LayerNorm.weight
  encoder.encoder.layer.7.output.LayerNorm.bias
  encoder.encoder.layer.8.attention.self.query.bias
  encoder.encoder.layer.8.attention.self.key.bias
  encoder.encoder.layer.8.attention.self.value.bias
  encoder.encoder.layer.8.attention.output.dense.bias
  encoder.encoder.layer.8.attention.output.LayerNorm.weight
  encoder.encoder.layer.8.attention.output.LayerNorm.bias
  encoder.encoder.layer.8.intermediate.dense.bias
  encoder.encoder.layer.8.output.dense.bias
  encoder.encoder.layer.8.output.LayerNorm.weight
  encoder.encoder.layer.8.output.LayerNorm.bias
  encoder.encoder.layer.9.attention.self.query.bias
  encoder.encoder.layer.9.attention.self.key.bias
  encoder.encoder.layer.9.attention.self.value.bias
  encoder.encoder.layer.9.attention.output.dense.bias
  encoder.encoder.layer.9.attention.output.LayerNorm.weight
  encoder.encoder.layer.9.attention.output.LayerNorm.bias
  encoder.encoder.layer.9.intermediate.dense.bias
  encoder.encoder.layer.9.output.dense.bias
  encoder.encoder.layer.9.output.LayerNorm.weight
  encoder.encoder.layer.9.output.LayerNorm.bias
  encoder.encoder.layer.10.attention.self.query.bias
  encoder.encoder.layer.10.attention.self.key.bias
  encoder.encoder.layer.10.attention.self.value.bias
  encoder.encoder.layer.10.attention.output.dense.bias
  encoder.encoder.layer.10.attention.output.LayerNorm.weight
  encoder.encoder.layer.10.attention.output.LayerNorm.bias
  encoder.encoder.layer.10.intermediate.dense.bias
  encoder.encoder.layer.10.output.dense.bias
  encoder.encoder.layer.10.output.LayerNorm.weight
  encoder.encoder.layer.10.output.LayerNorm.bias
  encoder.encoder.layer.11.attention.self.query.bias
  encoder.encoder.layer.11.attention.self.key.bias
  encoder.encoder.layer.11.attention.self.value.bias
  encoder.encoder.layer.11.attention.output.dense.bias
  encoder.encoder.layer.11.attention.output.LayerNorm.weight
  encoder.encoder.layer.11.attention.output.LayerNorm.bias
  encoder.encoder.layer.11.intermediate.dense.bias
  encoder.encoder.layer.11.output.dense.bias
  encoder.encoder.layer.11.output.LayerNorm.weight
  encoder.encoder.layer.11.output.LayerNorm.bias
  encoder.pooler.dense.bias
  taskmodels_dict.boolq.classification_head.dense.bias
  taskmodels_dict.boolq.classification_head.out_proj.bias
Using AdamW
Loading Best
{
  "aggregated": 0.7128440366972477,
  "boolq": {
    "loss": 0.6739568392049919,
    "metrics": {
      "major": 0.7128440366972477,
      "minor": {
        "acc": 0.7128440366972477
      }
    }
  }
}
Tokenizing Task 'cb' for phases 'train,val,test'
CommitmentBankTask
  [train]: /home/ks4765/jiant/bert_results/tasks/data/cb/train.jsonl
  [test]: /home/ks4765/jiant/bert_results/tasks/data/cb/test.jsonl
  [val]: /home/ks4765/jiant/bert_results/tasks/data/cb/val.jsonl
Running from start
  jiant_task_container_config_path: ./bert_results/run_configs/simple_config.json
  output_dir: ./bert_results/runs/simple
  hf_pretrained_model_name_or_path: bert-base-uncased
  model_path: ./bert_results/models/bert/model/model.p
  model_config_path: ./bert_results/models/bert/model/config.json
  model_load_mode: from_transformers
  do_train: True
  do_val: True
  do_save: False
  do_save_last: False
  do_save_best: False
  write_val_preds: False
  write_test_preds: False
  eval_every_steps: 0
  save_every_steps: 0
  save_checkpoint_every_steps: 0
  no_improvements_for_n_evals: 0
  keep_checkpoint_when_done: False
  force_overwrite: False
  seed: -1
  learning_rate: 1e-05
  adam_epsilon: 1e-08
  max_grad_norm: 1.0
  optimizer_type: adam
  no_cuda: False
  fp16: False
  fp16_opt_level: O1
  local_rank: -1
  server_ip: 
  server_port: 
device: cuda n_gpu: 1, distributed training: False, 16-bits training: False
Using seed: 3535478693
{
  "jiant_task_container_config_path": "./bert_results/run_configs/simple_config.json",
  "output_dir": "./bert_results/runs/simple",
  "hf_pretrained_model_name_or_path": "bert-base-uncased",
  "model_path": "./bert_results/models/bert/model/model.p",
  "model_config_path": "./bert_results/models/bert/model/config.json",
  "model_load_mode": "from_transformers",
  "do_train": true,
  "do_val": true,
  "do_save": false,
  "do_save_last": false,
  "do_save_best": false,
  "write_val_preds": false,
  "write_test_preds": false,
  "eval_every_steps": 0,
  "save_every_steps": 0,
  "save_checkpoint_every_steps": 0,
  "no_improvements_for_n_evals": 0,
  "keep_checkpoint_when_done": false,
  "force_overwrite": false,
  "seed": 3535478693,
  "learning_rate": 1e-05,
  "adam_epsilon": 1e-08,
  "max_grad_norm": 1.0,
  "optimizer_type": "adam",
  "no_cuda": false,
  "fp16": false,
  "fp16_opt_level": "O1",
  "local_rank": -1,
  "server_ip": "",
  "server_port": ""
}
1
Creating Tasks:
    cb (CommitmentBankTask): ./bert_results/tasks/configs/cb_config.json
No optimizer decay for:
  encoder.embeddings.LayerNorm.weight
  encoder.embeddings.LayerNorm.bias
  encoder.encoder.layer.0.attention.self.query.bias
  encoder.encoder.layer.0.attention.self.key.bias
  encoder.encoder.layer.0.attention.self.value.bias
  encoder.encoder.layer.0.attention.output.dense.bias
  encoder.encoder.layer.0.attention.output.LayerNorm.weight
  encoder.encoder.layer.0.attention.output.LayerNorm.bias
  encoder.encoder.layer.0.intermediate.dense.bias
  encoder.encoder.layer.0.output.dense.bias
  encoder.encoder.layer.0.output.LayerNorm.weight
  encoder.encoder.layer.0.output.LayerNorm.bias
  encoder.encoder.layer.1.attention.self.query.bias
  encoder.encoder.layer.1.attention.self.key.bias
  encoder.encoder.layer.1.attention.self.value.bias
  encoder.encoder.layer.1.attention.output.dense.bias
  encoder.encoder.layer.1.attention.output.LayerNorm.weight
  encoder.encoder.layer.1.attention.output.LayerNorm.bias
  encoder.encoder.layer.1.intermediate.dense.bias
  encoder.encoder.layer.1.output.dense.bias
  encoder.encoder.layer.1.output.LayerNorm.weight
  encoder.encoder.layer.1.output.LayerNorm.bias
  encoder.encoder.layer.2.attention.self.query.bias
  encoder.encoder.layer.2.attention.self.key.bias
  encoder.encoder.layer.2.attention.self.value.bias
  encoder.encoder.layer.2.attention.output.dense.bias
  encoder.encoder.layer.2.attention.output.LayerNorm.weight
  encoder.encoder.layer.2.attention.output.LayerNorm.bias
  encoder.encoder.layer.2.intermediate.dense.bias
  encoder.encoder.layer.2.output.dense.bias
  encoder.encoder.layer.2.output.LayerNorm.weight
  encoder.encoder.layer.2.output.LayerNorm.bias
  encoder.encoder.layer.3.attention.self.query.bias
  encoder.encoder.layer.3.attention.self.key.bias
  encoder.encoder.layer.3.attention.self.value.bias
  encoder.encoder.layer.3.attention.output.dense.bias
  encoder.encoder.layer.3.attention.output.LayerNorm.weight
  encoder.encoder.layer.3.attention.output.LayerNorm.bias
  encoder.encoder.layer.3.intermediate.dense.bias
  encoder.encoder.layer.3.output.dense.bias
  encoder.encoder.layer.3.output.LayerNorm.weight
  encoder.encoder.layer.3.output.LayerNorm.bias
  encoder.encoder.layer.4.attention.self.query.bias
  encoder.encoder.layer.4.attention.self.key.bias
  encoder.encoder.layer.4.attention.self.value.bias
  encoder.encoder.layer.4.attention.output.dense.bias
  encoder.encoder.layer.4.attention.output.LayerNorm.weight
  encoder.encoder.layer.4.attention.output.LayerNorm.bias
  encoder.encoder.layer.4.intermediate.dense.bias
  encoder.encoder.layer.4.output.dense.bias
  encoder.encoder.layer.4.output.LayerNorm.weight
  encoder.encoder.layer.4.output.LayerNorm.bias
  encoder.encoder.layer.5.attention.self.query.bias
  encoder.encoder.layer.5.attention.self.key.bias
  encoder.encoder.layer.5.attention.self.value.bias
  encoder.encoder.layer.5.attention.output.dense.bias
  encoder.encoder.layer.5.attention.output.LayerNorm.weight
  encoder.encoder.layer.5.attention.output.LayerNorm.bias
  encoder.encoder.layer.5.intermediate.dense.bias
  encoder.encoder.layer.5.output.dense.bias
  encoder.encoder.layer.5.output.LayerNorm.weight
  encoder.encoder.layer.5.output.LayerNorm.bias
  encoder.encoder.layer.6.attention.self.query.bias
  encoder.encoder.layer.6.attention.self.key.bias
  encoder.encoder.layer.6.attention.self.value.bias
  encoder.encoder.layer.6.attention.output.dense.bias
  encoder.encoder.layer.6.attention.output.LayerNorm.weight
  encoder.encoder.layer.6.attention.output.LayerNorm.bias
  encoder.encoder.layer.6.intermediate.dense.bias
  encoder.encoder.layer.6.output.dense.bias
  encoder.encoder.layer.6.output.LayerNorm.weight
  encoder.encoder.layer.6.output.LayerNorm.bias
  encoder.encoder.layer.7.attention.self.query.bias
  encoder.encoder.layer.7.attention.self.key.bias
  encoder.encoder.layer.7.attention.self.value.bias
  encoder.encoder.layer.7.attention.output.dense.bias
  encoder.encoder.layer.7.attention.output.LayerNorm.weight
  encoder.encoder.layer.7.attention.output.LayerNorm.bias
  encoder.encoder.layer.7.intermediate.dense.bias
  encoder.encoder.layer.7.output.dense.bias
  encoder.encoder.layer.7.output.LayerNorm.weight
  encoder.encoder.layer.7.output.LayerNorm.bias
  encoder.encoder.layer.8.attention.self.query.bias
  encoder.encoder.layer.8.attention.self.key.bias
  encoder.encoder.layer.8.attention.self.value.bias
  encoder.encoder.layer.8.attention.output.dense.bias
  encoder.encoder.layer.8.attention.output.LayerNorm.weight
  encoder.encoder.layer.8.attention.output.LayerNorm.bias
  encoder.encoder.layer.8.intermediate.dense.bias
  encoder.encoder.layer.8.output.dense.bias
  encoder.encoder.layer.8.output.LayerNorm.weight
  encoder.encoder.layer.8.output.LayerNorm.bias
  encoder.encoder.layer.9.attention.self.query.bias
  encoder.encoder.layer.9.attention.self.key.bias
  encoder.encoder.layer.9.attention.self.value.bias
  encoder.encoder.layer.9.attention.output.dense.bias
  encoder.encoder.layer.9.attention.output.LayerNorm.weight
  encoder.encoder.layer.9.attention.output.LayerNorm.bias
  encoder.encoder.layer.9.intermediate.dense.bias
  encoder.encoder.layer.9.output.dense.bias
  encoder.encoder.layer.9.output.LayerNorm.weight
  encoder.encoder.layer.9.output.LayerNorm.bias
  encoder.encoder.layer.10.attention.self.query.bias
  encoder.encoder.layer.10.attention.self.key.bias
  encoder.encoder.layer.10.attention.self.value.bias
  encoder.encoder.layer.10.attention.output.dense.bias
  encoder.encoder.layer.10.attention.output.LayerNorm.weight
  encoder.encoder.layer.10.attention.output.LayerNorm.bias
  encoder.encoder.layer.10.intermediate.dense.bias
  encoder.encoder.layer.10.output.dense.bias
  encoder.encoder.layer.10.output.LayerNorm.weight
  encoder.encoder.layer.10.output.LayerNorm.bias
  encoder.encoder.layer.11.attention.self.query.bias
  encoder.encoder.layer.11.attention.self.key.bias
  encoder.encoder.layer.11.attention.self.value.bias
  encoder.encoder.layer.11.attention.output.dense.bias
  encoder.encoder.layer.11.attention.output.LayerNorm.weight
  encoder.encoder.layer.11.attention.output.LayerNorm.bias
  encoder.encoder.layer.11.intermediate.dense.bias
  encoder.encoder.layer.11.output.dense.bias
  encoder.encoder.layer.11.output.LayerNorm.weight
  encoder.encoder.layer.11.output.LayerNorm.bias
  encoder.pooler.dense.bias
  taskmodels_dict.cb.classification_head.dense.bias
  taskmodels_dict.cb.classification_head.out_proj.bias
Using AdamW
Loading Best
{
  "aggregated": 0.45857016546671714,
  "cb": {
    "loss": 0.9085392951965332,
    "metrics": {
      "major": 0.45857016546671714,
      "minor": {
        "acc": 0.5714285714285714,
        "avg_f1": 0.34571175950486294,
        "f11": 0.3448275862068966,
        "f12": 0.6923076923076923,
        "f13": 0.0
      }
    }
  }
}
Tokenizing Task 'copa' for phases 'train,val,test'
CopaTask
  [train]: /home/ks4765/jiant/bert_results/tasks/data/copa/train.jsonl
  [test]: /home/ks4765/jiant/bert_results/tasks/data/copa/test.jsonl
  [val]: /home/ks4765/jiant/bert_results/tasks/data/copa/val.jsonl
Running from start
  jiant_task_container_config_path: ./bert_results/run_configs/simple_config.json
  output_dir: ./bert_results/runs/simple
  hf_pretrained_model_name_or_path: bert-base-uncased
  model_path: ./bert_results/models/bert/model/model.p
  model_config_path: ./bert_results/models/bert/model/config.json
  model_load_mode: from_transformers
  do_train: True
  do_val: True
  do_save: False
  do_save_last: False
  do_save_best: False
  write_val_preds: False
  write_test_preds: False
  eval_every_steps: 0
  save_every_steps: 0
  save_checkpoint_every_steps: 0
  no_improvements_for_n_evals: 0
  keep_checkpoint_when_done: False
  force_overwrite: False
  seed: -1
  learning_rate: 1e-05
  adam_epsilon: 1e-08
  max_grad_norm: 1.0
  optimizer_type: adam
  no_cuda: False
  fp16: False
  fp16_opt_level: O1
  local_rank: -1
  server_ip: 
  server_port: 
device: cuda n_gpu: 1, distributed training: False, 16-bits training: False
Using seed: 2917321378
{
  "jiant_task_container_config_path": "./bert_results/run_configs/simple_config.json",
  "output_dir": "./bert_results/runs/simple",
  "hf_pretrained_model_name_or_path": "bert-base-uncased",
  "model_path": "./bert_results/models/bert/model/model.p",
  "model_config_path": "./bert_results/models/bert/model/config.json",
  "model_load_mode": "from_transformers",
  "do_train": true,
  "do_val": true,
  "do_save": false,
  "do_save_last": false,
  "do_save_best": false,
  "write_val_preds": false,
  "write_test_preds": false,
  "eval_every_steps": 0,
  "save_every_steps": 0,
  "save_checkpoint_every_steps": 0,
  "no_improvements_for_n_evals": 0,
  "keep_checkpoint_when_done": false,
  "force_overwrite": false,
  "seed": 2917321378,
  "learning_rate": 1e-05,
  "adam_epsilon": 1e-08,
  "max_grad_norm": 1.0,
  "optimizer_type": "adam",
  "no_cuda": false,
  "fp16": false,
  "fp16_opt_level": "O1",
  "local_rank": -1,
  "server_ip": "",
  "server_port": ""
}
1
Creating Tasks:
    copa (CopaTask): ./bert_results/tasks/configs/copa_config.json
No optimizer decay for:
  encoder.embeddings.LayerNorm.weight
  encoder.embeddings.LayerNorm.bias
  encoder.encoder.layer.0.attention.self.query.bias
  encoder.encoder.layer.0.attention.self.key.bias
  encoder.encoder.layer.0.attention.self.value.bias
  encoder.encoder.layer.0.attention.output.dense.bias
  encoder.encoder.layer.0.attention.output.LayerNorm.weight
  encoder.encoder.layer.0.attention.output.LayerNorm.bias
  encoder.encoder.layer.0.intermediate.dense.bias
  encoder.encoder.layer.0.output.dense.bias
  encoder.encoder.layer.0.output.LayerNorm.weight
  encoder.encoder.layer.0.output.LayerNorm.bias
  encoder.encoder.layer.1.attention.self.query.bias
  encoder.encoder.layer.1.attention.self.key.bias
  encoder.encoder.layer.1.attention.self.value.bias
  encoder.encoder.layer.1.attention.output.dense.bias
  encoder.encoder.layer.1.attention.output.LayerNorm.weight
  encoder.encoder.layer.1.attention.output.LayerNorm.bias
  encoder.encoder.layer.1.intermediate.dense.bias
  encoder.encoder.layer.1.output.dense.bias
  encoder.encoder.layer.1.output.LayerNorm.weight
  encoder.encoder.layer.1.output.LayerNorm.bias
  encoder.encoder.layer.2.attention.self.query.bias
  encoder.encoder.layer.2.attention.self.key.bias
  encoder.encoder.layer.2.attention.self.value.bias
  encoder.encoder.layer.2.attention.output.dense.bias
  encoder.encoder.layer.2.attention.output.LayerNorm.weight
  encoder.encoder.layer.2.attention.output.LayerNorm.bias
  encoder.encoder.layer.2.intermediate.dense.bias
  encoder.encoder.layer.2.output.dense.bias
  encoder.encoder.layer.2.output.LayerNorm.weight
  encoder.encoder.layer.2.output.LayerNorm.bias
  encoder.encoder.layer.3.attention.self.query.bias
  encoder.encoder.layer.3.attention.self.key.bias
  encoder.encoder.layer.3.attention.self.value.bias
  encoder.encoder.layer.3.attention.output.dense.bias
  encoder.encoder.layer.3.attention.output.LayerNorm.weight
  encoder.encoder.layer.3.attention.output.LayerNorm.bias
  encoder.encoder.layer.3.intermediate.dense.bias
  encoder.encoder.layer.3.output.dense.bias
  encoder.encoder.layer.3.output.LayerNorm.weight
  encoder.encoder.layer.3.output.LayerNorm.bias
  encoder.encoder.layer.4.attention.self.query.bias
  encoder.encoder.layer.4.attention.self.key.bias
  encoder.encoder.layer.4.attention.self.value.bias
  encoder.encoder.layer.4.attention.output.dense.bias
  encoder.encoder.layer.4.attention.output.LayerNorm.weight
  encoder.encoder.layer.4.attention.output.LayerNorm.bias
  encoder.encoder.layer.4.intermediate.dense.bias
  encoder.encoder.layer.4.output.dense.bias
  encoder.encoder.layer.4.output.LayerNorm.weight
  encoder.encoder.layer.4.output.LayerNorm.bias
  encoder.encoder.layer.5.attention.self.query.bias
  encoder.encoder.layer.5.attention.self.key.bias
  encoder.encoder.layer.5.attention.self.value.bias
  encoder.encoder.layer.5.attention.output.dense.bias
  encoder.encoder.layer.5.attention.output.LayerNorm.weight
  encoder.encoder.layer.5.attention.output.LayerNorm.bias
  encoder.encoder.layer.5.intermediate.dense.bias
  encoder.encoder.layer.5.output.dense.bias
  encoder.encoder.layer.5.output.LayerNorm.weight
  encoder.encoder.layer.5.output.LayerNorm.bias
  encoder.encoder.layer.6.attention.self.query.bias
  encoder.encoder.layer.6.attention.self.key.bias
  encoder.encoder.layer.6.attention.self.value.bias
  encoder.encoder.layer.6.attention.output.dense.bias
  encoder.encoder.layer.6.attention.output.LayerNorm.weight
  encoder.encoder.layer.6.attention.output.LayerNorm.bias
  encoder.encoder.layer.6.intermediate.dense.bias
  encoder.encoder.layer.6.output.dense.bias
  encoder.encoder.layer.6.output.LayerNorm.weight
  encoder.encoder.layer.6.output.LayerNorm.bias
  encoder.encoder.layer.7.attention.self.query.bias
  encoder.encoder.layer.7.attention.self.key.bias
  encoder.encoder.layer.7.attention.self.value.bias
  encoder.encoder.layer.7.attention.output.dense.bias
  encoder.encoder.layer.7.attention.output.LayerNorm.weight
  encoder.encoder.layer.7.attention.output.LayerNorm.bias
  encoder.encoder.layer.7.intermediate.dense.bias
  encoder.encoder.layer.7.output.dense.bias
  encoder.encoder.layer.7.output.LayerNorm.weight
  encoder.encoder.layer.7.output.LayerNorm.bias
  encoder.encoder.layer.8.attention.self.query.bias
  encoder.encoder.layer.8.attention.self.key.bias
  encoder.encoder.layer.8.attention.self.value.bias
  encoder.encoder.layer.8.attention.output.dense.bias
  encoder.encoder.layer.8.attention.output.LayerNorm.weight
  encoder.encoder.layer.8.attention.output.LayerNorm.bias
  encoder.encoder.layer.8.intermediate.dense.bias
  encoder.encoder.layer.8.output.dense.bias
  encoder.encoder.layer.8.output.LayerNorm.weight
  encoder.encoder.layer.8.output.LayerNorm.bias
  encoder.encoder.layer.9.attention.self.query.bias
  encoder.encoder.layer.9.attention.self.key.bias
  encoder.encoder.layer.9.attention.self.value.bias
  encoder.encoder.layer.9.attention.output.dense.bias
  encoder.encoder.layer.9.attention.output.LayerNorm.weight
  encoder.encoder.layer.9.attention.output.LayerNorm.bias
  encoder.encoder.layer.9.intermediate.dense.bias
  encoder.encoder.layer.9.output.dense.bias
  encoder.encoder.layer.9.output.LayerNorm.weight
  encoder.encoder.layer.9.output.LayerNorm.bias
  encoder.encoder.layer.10.attention.self.query.bias
  encoder.encoder.layer.10.attention.self.key.bias
  encoder.encoder.layer.10.attention.self.value.bias
  encoder.encoder.layer.10.attention.output.dense.bias
  encoder.encoder.layer.10.attention.output.LayerNorm.weight
  encoder.encoder.layer.10.attention.output.LayerNorm.bias
  encoder.encoder.layer.10.intermediate.dense.bias
  encoder.encoder.layer.10.output.dense.bias
  encoder.encoder.layer.10.output.LayerNorm.weight
  encoder.encoder.layer.10.output.LayerNorm.bias
  encoder.encoder.layer.11.attention.self.query.bias
  encoder.encoder.layer.11.attention.self.key.bias
  encoder.encoder.layer.11.attention.self.value.bias
  encoder.encoder.layer.11.attention.output.dense.bias
  encoder.encoder.layer.11.attention.output.LayerNorm.weight
  encoder.encoder.layer.11.attention.output.LayerNorm.bias
  encoder.encoder.layer.11.intermediate.dense.bias
  encoder.encoder.layer.11.output.dense.bias
  encoder.encoder.layer.11.output.LayerNorm.weight
  encoder.encoder.layer.11.output.LayerNorm.bias
  encoder.pooler.dense.bias
  taskmodels_dict.copa.choice_scoring_head.dense.bias
  taskmodels_dict.copa.choice_scoring_head.out_proj.bias
Using AdamW
Loading Best
{
  "aggregated": 0.67,
  "copa": {
    "loss": 0.6666499376296997,
    "metrics": {
      "major": 0.67,
      "minor": {
        "acc": 0.67
      }
    }
  }
}
Tokenizing Task 'multirc' for phases 'train,val,test'
MultiRCTask
  [train]: /home/ks4765/jiant/bert_results/tasks/data/multirc/train.jsonl
  [val]: /home/ks4765/jiant/bert_results/tasks/data/multirc/val.jsonl
  [test]: /home/ks4765/jiant/bert_results/tasks/data/multirc/test.jsonl
Running from start
  jiant_task_container_config_path: ./bert_results/run_configs/simple_config.json
  output_dir: ./bert_results/runs/simple
  hf_pretrained_model_name_or_path: bert-base-uncased
  model_path: ./bert_results/models/bert/model/model.p
  model_config_path: ./bert_results/models/bert/model/config.json
  model_load_mode: from_transformers
  do_train: True
  do_val: True
  do_save: False
  do_save_last: False
  do_save_best: False
  write_val_preds: False
  write_test_preds: False
  eval_every_steps: 0
  save_every_steps: 0
  save_checkpoint_every_steps: 0
  no_improvements_for_n_evals: 0
  keep_checkpoint_when_done: False
  force_overwrite: False
  seed: -1
  learning_rate: 1e-05
  adam_epsilon: 1e-08
  max_grad_norm: 1.0
  optimizer_type: adam
  no_cuda: False
  fp16: False
  fp16_opt_level: O1
  local_rank: -1
  server_ip: 
  server_port: 
device: cuda n_gpu: 1, distributed training: False, 16-bits training: False
Using seed: 3384706968
{
  "jiant_task_container_config_path": "./bert_results/run_configs/simple_config.json",
  "output_dir": "./bert_results/runs/simple",
  "hf_pretrained_model_name_or_path": "bert-base-uncased",
  "model_path": "./bert_results/models/bert/model/model.p",
  "model_config_path": "./bert_results/models/bert/model/config.json",
  "model_load_mode": "from_transformers",
  "do_train": true,
  "do_val": true,
  "do_save": false,
  "do_save_last": false,
  "do_save_best": false,
  "write_val_preds": false,
  "write_test_preds": false,
  "eval_every_steps": 0,
  "save_every_steps": 0,
  "save_checkpoint_every_steps": 0,
  "no_improvements_for_n_evals": 0,
  "keep_checkpoint_when_done": false,
  "force_overwrite": false,
  "seed": 3384706968,
  "learning_rate": 1e-05,
  "adam_epsilon": 1e-08,
  "max_grad_norm": 1.0,
  "optimizer_type": "adam",
  "no_cuda": false,
  "fp16": false,
  "fp16_opt_level": "O1",
  "local_rank": -1,
  "server_ip": "",
  "server_port": ""
}
1
Creating Tasks:
    multirc (MultiRCTask): ./bert_results/tasks/configs/multirc_config.json
No optimizer decay for:
  encoder.embeddings.LayerNorm.weight
  encoder.embeddings.LayerNorm.bias
  encoder.encoder.layer.0.attention.self.query.bias
  encoder.encoder.layer.0.attention.self.key.bias
  encoder.encoder.layer.0.attention.self.value.bias
  encoder.encoder.layer.0.attention.output.dense.bias
  encoder.encoder.layer.0.attention.output.LayerNorm.weight
  encoder.encoder.layer.0.attention.output.LayerNorm.bias
  encoder.encoder.layer.0.intermediate.dense.bias
  encoder.encoder.layer.0.output.dense.bias
  encoder.encoder.layer.0.output.LayerNorm.weight
  encoder.encoder.layer.0.output.LayerNorm.bias
  encoder.encoder.layer.1.attention.self.query.bias
  encoder.encoder.layer.1.attention.self.key.bias
  encoder.encoder.layer.1.attention.self.value.bias
  encoder.encoder.layer.1.attention.output.dense.bias
  encoder.encoder.layer.1.attention.output.LayerNorm.weight
  encoder.encoder.layer.1.attention.output.LayerNorm.bias
  encoder.encoder.layer.1.intermediate.dense.bias
  encoder.encoder.layer.1.output.dense.bias
  encoder.encoder.layer.1.output.LayerNorm.weight
  encoder.encoder.layer.1.output.LayerNorm.bias
  encoder.encoder.layer.2.attention.self.query.bias
  encoder.encoder.layer.2.attention.self.key.bias
  encoder.encoder.layer.2.attention.self.value.bias
  encoder.encoder.layer.2.attention.output.dense.bias
  encoder.encoder.layer.2.attention.output.LayerNorm.weight
  encoder.encoder.layer.2.attention.output.LayerNorm.bias
  encoder.encoder.layer.2.intermediate.dense.bias
  encoder.encoder.layer.2.output.dense.bias
  encoder.encoder.layer.2.output.LayerNorm.weight
  encoder.encoder.layer.2.output.LayerNorm.bias
  encoder.encoder.layer.3.attention.self.query.bias
  encoder.encoder.layer.3.attention.self.key.bias
  encoder.encoder.layer.3.attention.self.value.bias
  encoder.encoder.layer.3.attention.output.dense.bias
  encoder.encoder.layer.3.attention.output.LayerNorm.weight
  encoder.encoder.layer.3.attention.output.LayerNorm.bias
  encoder.encoder.layer.3.intermediate.dense.bias
  encoder.encoder.layer.3.output.dense.bias
  encoder.encoder.layer.3.output.LayerNorm.weight
  encoder.encoder.layer.3.output.LayerNorm.bias
  encoder.encoder.layer.4.attention.self.query.bias
  encoder.encoder.layer.4.attention.self.key.bias
  encoder.encoder.layer.4.attention.self.value.bias
  encoder.encoder.layer.4.attention.output.dense.bias
  encoder.encoder.layer.4.attention.output.LayerNorm.weight
  encoder.encoder.layer.4.attention.output.LayerNorm.bias
  encoder.encoder.layer.4.intermediate.dense.bias
  encoder.encoder.layer.4.output.dense.bias
  encoder.encoder.layer.4.output.LayerNorm.weight
  encoder.encoder.layer.4.output.LayerNorm.bias
  encoder.encoder.layer.5.attention.self.query.bias
  encoder.encoder.layer.5.attention.self.key.bias
  encoder.encoder.layer.5.attention.self.value.bias
  encoder.encoder.layer.5.attention.output.dense.bias
  encoder.encoder.layer.5.attention.output.LayerNorm.weight
  encoder.encoder.layer.5.attention.output.LayerNorm.bias
  encoder.encoder.layer.5.intermediate.dense.bias
  encoder.encoder.layer.5.output.dense.bias
  encoder.encoder.layer.5.output.LayerNorm.weight
  encoder.encoder.layer.5.output.LayerNorm.bias
  encoder.encoder.layer.6.attention.self.query.bias
  encoder.encoder.layer.6.attention.self.key.bias
  encoder.encoder.layer.6.attention.self.value.bias
  encoder.encoder.layer.6.attention.output.dense.bias
  encoder.encoder.layer.6.attention.output.LayerNorm.weight
  encoder.encoder.layer.6.attention.output.LayerNorm.bias
  encoder.encoder.layer.6.intermediate.dense.bias
  encoder.encoder.layer.6.output.dense.bias
  encoder.encoder.layer.6.output.LayerNorm.weight
  encoder.encoder.layer.6.output.LayerNorm.bias
  encoder.encoder.layer.7.attention.self.query.bias
  encoder.encoder.layer.7.attention.self.key.bias
  encoder.encoder.layer.7.attention.self.value.bias
  encoder.encoder.layer.7.attention.output.dense.bias
  encoder.encoder.layer.7.attention.output.LayerNorm.weight
  encoder.encoder.layer.7.attention.output.LayerNorm.bias
  encoder.encoder.layer.7.intermediate.dense.bias
  encoder.encoder.layer.7.output.dense.bias
  encoder.encoder.layer.7.output.LayerNorm.weight
  encoder.encoder.layer.7.output.LayerNorm.bias
  encoder.encoder.layer.8.attention.self.query.bias
  encoder.encoder.layer.8.attention.self.key.bias
  encoder.encoder.layer.8.attention.self.value.bias
  encoder.encoder.layer.8.attention.output.dense.bias
  encoder.encoder.layer.8.attention.output.LayerNorm.weight
  encoder.encoder.layer.8.attention.output.LayerNorm.bias
  encoder.encoder.layer.8.intermediate.dense.bias
  encoder.encoder.layer.8.output.dense.bias
  encoder.encoder.layer.8.output.LayerNorm.weight
  encoder.encoder.layer.8.output.LayerNorm.bias
  encoder.encoder.layer.9.attention.self.query.bias
  encoder.encoder.layer.9.attention.self.key.bias
  encoder.encoder.layer.9.attention.self.value.bias
  encoder.encoder.layer.9.attention.output.dense.bias
  encoder.encoder.layer.9.attention.output.LayerNorm.weight
  encoder.encoder.layer.9.attention.output.LayerNorm.bias
  encoder.encoder.layer.9.intermediate.dense.bias
  encoder.encoder.layer.9.output.dense.bias
  encoder.encoder.layer.9.output.LayerNorm.weight
  encoder.encoder.layer.9.output.LayerNorm.bias
  encoder.encoder.layer.10.attention.self.query.bias
  encoder.encoder.layer.10.attention.self.key.bias
  encoder.encoder.layer.10.attention.self.value.bias
  encoder.encoder.layer.10.attention.output.dense.bias
  encoder.encoder.layer.10.attention.output.LayerNorm.weight
  encoder.encoder.layer.10.attention.output.LayerNorm.bias
  encoder.encoder.layer.10.intermediate.dense.bias
  encoder.encoder.layer.10.output.dense.bias
  encoder.encoder.layer.10.output.LayerNorm.weight
  encoder.encoder.layer.10.output.LayerNorm.bias
  encoder.encoder.layer.11.attention.self.query.bias
  encoder.encoder.layer.11.attention.self.key.bias
  encoder.encoder.layer.11.attention.self.value.bias
  encoder.encoder.layer.11.attention.output.dense.bias
  encoder.encoder.layer.11.attention.output.LayerNorm.weight
  encoder.encoder.layer.11.attention.output.LayerNorm.bias
  encoder.encoder.layer.11.intermediate.dense.bias
  encoder.encoder.layer.11.output.dense.bias
  encoder.encoder.layer.11.output.LayerNorm.weight
  encoder.encoder.layer.11.output.LayerNorm.bias
  encoder.pooler.dense.bias
  taskmodels_dict.multirc.classification_head.dense.bias
  taskmodels_dict.multirc.classification_head.out_proj.bias
Using AdamW
Loading Best
{
  "aggregated": 0.42374044882456907,
  "multirc": {
    "loss": 0.7092259267443105,
    "metrics": {
      "major": 0.42374044882456907,
      "minor": {
        "em": 0.18677859391395593,
        "f1": 0.6607023037351822
      }
    }
  }
}
Tokenizing Task 'rte' for phases 'train,val,test'
RteTask
  [train]: /home/ks4765/jiant/bert_results/tasks/data/rte/train.jsonl
  [test]: /home/ks4765/jiant/bert_results/tasks/data/rte/test.jsonl
  [val]: /home/ks4765/jiant/bert_results/tasks/data/rte/val.jsonl
Running from start
  jiant_task_container_config_path: ./bert_results/run_configs/simple_config.json
  output_dir: ./bert_results/runs/simple
  hf_pretrained_model_name_or_path: bert-base-uncased
  model_path: ./bert_results/models/bert/model/model.p
  model_config_path: ./bert_results/models/bert/model/config.json
  model_load_mode: from_transformers
  do_train: True
  do_val: True
  do_save: False
  do_save_last: False
  do_save_best: False
  write_val_preds: False
  write_test_preds: False
  eval_every_steps: 0
  save_every_steps: 0
  save_checkpoint_every_steps: 0
  no_improvements_for_n_evals: 0
  keep_checkpoint_when_done: False
  force_overwrite: False
  seed: -1
  learning_rate: 1e-05
  adam_epsilon: 1e-08
  max_grad_norm: 1.0
  optimizer_type: adam
  no_cuda: False
  fp16: False
  fp16_opt_level: O1
  local_rank: -1
  server_ip: 
  server_port: 
device: cuda n_gpu: 1, distributed training: False, 16-bits training: False
Using seed: 4209033791
{
  "jiant_task_container_config_path": "./bert_results/run_configs/simple_config.json",
  "output_dir": "./bert_results/runs/simple",
  "hf_pretrained_model_name_or_path": "bert-base-uncased",
  "model_path": "./bert_results/models/bert/model/model.p",
  "model_config_path": "./bert_results/models/bert/model/config.json",
  "model_load_mode": "from_transformers",
  "do_train": true,
  "do_val": true,
  "do_save": false,
  "do_save_last": false,
  "do_save_best": false,
  "write_val_preds": false,
  "write_test_preds": false,
  "eval_every_steps": 0,
  "save_every_steps": 0,
  "save_checkpoint_every_steps": 0,
  "no_improvements_for_n_evals": 0,
  "keep_checkpoint_when_done": false,
  "force_overwrite": false,
  "seed": 4209033791,
  "learning_rate": 1e-05,
  "adam_epsilon": 1e-08,
  "max_grad_norm": 1.0,
  "optimizer_type": "adam",
  "no_cuda": false,
  "fp16": false,
  "fp16_opt_level": "O1",
  "local_rank": -1,
  "server_ip": "",
  "server_port": ""
}
1
Creating Tasks:
    rte (RteTask): ./bert_results/tasks/configs/rte_config.json
No optimizer decay for:
  encoder.embeddings.LayerNorm.weight
  encoder.embeddings.LayerNorm.bias
  encoder.encoder.layer.0.attention.self.query.bias
  encoder.encoder.layer.0.attention.self.key.bias
  encoder.encoder.layer.0.attention.self.value.bias
  encoder.encoder.layer.0.attention.output.dense.bias
  encoder.encoder.layer.0.attention.output.LayerNorm.weight
  encoder.encoder.layer.0.attention.output.LayerNorm.bias
  encoder.encoder.layer.0.intermediate.dense.bias
  encoder.encoder.layer.0.output.dense.bias
  encoder.encoder.layer.0.output.LayerNorm.weight
  encoder.encoder.layer.0.output.LayerNorm.bias
  encoder.encoder.layer.1.attention.self.query.bias
  encoder.encoder.layer.1.attention.self.key.bias
  encoder.encoder.layer.1.attention.self.value.bias
  encoder.encoder.layer.1.attention.output.dense.bias
  encoder.encoder.layer.1.attention.output.LayerNorm.weight
  encoder.encoder.layer.1.attention.output.LayerNorm.bias
  encoder.encoder.layer.1.intermediate.dense.bias
  encoder.encoder.layer.1.output.dense.bias
  encoder.encoder.layer.1.output.LayerNorm.weight
  encoder.encoder.layer.1.output.LayerNorm.bias
  encoder.encoder.layer.2.attention.self.query.bias
  encoder.encoder.layer.2.attention.self.key.bias
  encoder.encoder.layer.2.attention.self.value.bias
  encoder.encoder.layer.2.attention.output.dense.bias
  encoder.encoder.layer.2.attention.output.LayerNorm.weight
  encoder.encoder.layer.2.attention.output.LayerNorm.bias
  encoder.encoder.layer.2.intermediate.dense.bias
  encoder.encoder.layer.2.output.dense.bias
  encoder.encoder.layer.2.output.LayerNorm.weight
  encoder.encoder.layer.2.output.LayerNorm.bias
  encoder.encoder.layer.3.attention.self.query.bias
  encoder.encoder.layer.3.attention.self.key.bias
  encoder.encoder.layer.3.attention.self.value.bias
  encoder.encoder.layer.3.attention.output.dense.bias
  encoder.encoder.layer.3.attention.output.LayerNorm.weight
  encoder.encoder.layer.3.attention.output.LayerNorm.bias
  encoder.encoder.layer.3.intermediate.dense.bias
  encoder.encoder.layer.3.output.dense.bias
  encoder.encoder.layer.3.output.LayerNorm.weight
  encoder.encoder.layer.3.output.LayerNorm.bias
  encoder.encoder.layer.4.attention.self.query.bias
  encoder.encoder.layer.4.attention.self.key.bias
  encoder.encoder.layer.4.attention.self.value.bias
  encoder.encoder.layer.4.attention.output.dense.bias
  encoder.encoder.layer.4.attention.output.LayerNorm.weight
  encoder.encoder.layer.4.attention.output.LayerNorm.bias
  encoder.encoder.layer.4.intermediate.dense.bias
  encoder.encoder.layer.4.output.dense.bias
  encoder.encoder.layer.4.output.LayerNorm.weight
  encoder.encoder.layer.4.output.LayerNorm.bias
  encoder.encoder.layer.5.attention.self.query.bias
  encoder.encoder.layer.5.attention.self.key.bias
  encoder.encoder.layer.5.attention.self.value.bias
  encoder.encoder.layer.5.attention.output.dense.bias
  encoder.encoder.layer.5.attention.output.LayerNorm.weight
  encoder.encoder.layer.5.attention.output.LayerNorm.bias
  encoder.encoder.layer.5.intermediate.dense.bias
  encoder.encoder.layer.5.output.dense.bias
  encoder.encoder.layer.5.output.LayerNorm.weight
  encoder.encoder.layer.5.output.LayerNorm.bias
  encoder.encoder.layer.6.attention.self.query.bias
  encoder.encoder.layer.6.attention.self.key.bias
  encoder.encoder.layer.6.attention.self.value.bias
  encoder.encoder.layer.6.attention.output.dense.bias
  encoder.encoder.layer.6.attention.output.LayerNorm.weight
  encoder.encoder.layer.6.attention.output.LayerNorm.bias
  encoder.encoder.layer.6.intermediate.dense.bias
  encoder.encoder.layer.6.output.dense.bias
  encoder.encoder.layer.6.output.LayerNorm.weight
  encoder.encoder.layer.6.output.LayerNorm.bias
  encoder.encoder.layer.7.attention.self.query.bias
  encoder.encoder.layer.7.attention.self.key.bias
  encoder.encoder.layer.7.attention.self.value.bias
  encoder.encoder.layer.7.attention.output.dense.bias
  encoder.encoder.layer.7.attention.output.LayerNorm.weight
  encoder.encoder.layer.7.attention.output.LayerNorm.bias
  encoder.encoder.layer.7.intermediate.dense.bias
  encoder.encoder.layer.7.output.dense.bias
  encoder.encoder.layer.7.output.LayerNorm.weight
  encoder.encoder.layer.7.output.LayerNorm.bias
  encoder.encoder.layer.8.attention.self.query.bias
  encoder.encoder.layer.8.attention.self.key.bias
  encoder.encoder.layer.8.attention.self.value.bias
  encoder.encoder.layer.8.attention.output.dense.bias
  encoder.encoder.layer.8.attention.output.LayerNorm.weight
  encoder.encoder.layer.8.attention.output.LayerNorm.bias
  encoder.encoder.layer.8.intermediate.dense.bias
  encoder.encoder.layer.8.output.dense.bias
  encoder.encoder.layer.8.output.LayerNorm.weight
  encoder.encoder.layer.8.output.LayerNorm.bias
  encoder.encoder.layer.9.attention.self.query.bias
  encoder.encoder.layer.9.attention.self.key.bias
  encoder.encoder.layer.9.attention.self.value.bias
  encoder.encoder.layer.9.attention.output.dense.bias
  encoder.encoder.layer.9.attention.output.LayerNorm.weight
  encoder.encoder.layer.9.attention.output.LayerNorm.bias
  encoder.encoder.layer.9.intermediate.dense.bias
  encoder.encoder.layer.9.output.dense.bias
  encoder.encoder.layer.9.output.LayerNorm.weight
  encoder.encoder.layer.9.output.LayerNorm.bias
  encoder.encoder.layer.10.attention.self.query.bias
  encoder.encoder.layer.10.attention.self.key.bias
  encoder.encoder.layer.10.attention.self.value.bias
  encoder.encoder.layer.10.attention.output.dense.bias
  encoder.encoder.layer.10.attention.output.LayerNorm.weight
  encoder.encoder.layer.10.attention.output.LayerNorm.bias
  encoder.encoder.layer.10.intermediate.dense.bias
  encoder.encoder.layer.10.output.dense.bias
  encoder.encoder.layer.10.output.LayerNorm.weight
  encoder.encoder.layer.10.output.LayerNorm.bias
  encoder.encoder.layer.11.attention.self.query.bias
  encoder.encoder.layer.11.attention.self.key.bias
  encoder.encoder.layer.11.attention.self.value.bias
  encoder.encoder.layer.11.attention.output.dense.bias
  encoder.encoder.layer.11.attention.output.LayerNorm.weight
  encoder.encoder.layer.11.attention.output.LayerNorm.bias
  encoder.encoder.layer.11.intermediate.dense.bias
  encoder.encoder.layer.11.output.dense.bias
  encoder.encoder.layer.11.output.LayerNorm.weight
  encoder.encoder.layer.11.output.LayerNorm.bias
  encoder.pooler.dense.bias
  taskmodels_dict.rte.classification_head.dense.bias
  taskmodels_dict.rte.classification_head.out_proj.bias
Using AdamW
Loading Best
{
  "aggregated": 0.6570397111913358,
  "rte": {
    "loss": 0.654917942153083,
    "metrics": {
      "major": 0.6570397111913358,
      "minor": {
        "acc": 0.6570397111913358
      }
    }
  }
}
Tokenizing Task 'wic' for phases 'train,val,test'
WiCTask
  [train]: /home/ks4765/jiant/bert_results/tasks/data/wic/train.jsonl
  [test]: /home/ks4765/jiant/bert_results/tasks/data/wic/test.jsonl
  [val]: /home/ks4765/jiant/bert_results/tasks/data/wic/val.jsonl
Running from start
  jiant_task_container_config_path: ./bert_results/run_configs/simple_config.json
  output_dir: ./bert_results/runs/simple
  hf_pretrained_model_name_or_path: bert-base-uncased
  model_path: ./bert_results/models/bert/model/model.p
  model_config_path: ./bert_results/models/bert/model/config.json
  model_load_mode: from_transformers
  do_train: True
  do_val: True
  do_save: False
  do_save_last: False
  do_save_best: False
  write_val_preds: False
  write_test_preds: False
  eval_every_steps: 0
  save_every_steps: 0
  save_checkpoint_every_steps: 0
  no_improvements_for_n_evals: 0
  keep_checkpoint_when_done: False
  force_overwrite: False
  seed: -1
  learning_rate: 1e-05
  adam_epsilon: 1e-08
  max_grad_norm: 1.0
  optimizer_type: adam
  no_cuda: False
  fp16: False
  fp16_opt_level: O1
  local_rank: -1
  server_ip: 
  server_port: 
device: cuda n_gpu: 1, distributed training: False, 16-bits training: False
Using seed: 1607468713
{
  "jiant_task_container_config_path": "./bert_results/run_configs/simple_config.json",
  "output_dir": "./bert_results/runs/simple",
  "hf_pretrained_model_name_or_path": "bert-base-uncased",
  "model_path": "./bert_results/models/bert/model/model.p",
  "model_config_path": "./bert_results/models/bert/model/config.json",
  "model_load_mode": "from_transformers",
  "do_train": true,
  "do_val": true,
  "do_save": false,
  "do_save_last": false,
  "do_save_best": false,
  "write_val_preds": false,
  "write_test_preds": false,
  "eval_every_steps": 0,
  "save_every_steps": 0,
  "save_checkpoint_every_steps": 0,
  "no_improvements_for_n_evals": 0,
  "keep_checkpoint_when_done": false,
  "force_overwrite": false,
  "seed": 1607468713,
  "learning_rate": 1e-05,
  "adam_epsilon": 1e-08,
  "max_grad_norm": 1.0,
  "optimizer_type": "adam",
  "no_cuda": false,
  "fp16": false,
  "fp16_opt_level": "O1",
  "local_rank": -1,
  "server_ip": "",
  "server_port": ""
}
1
Creating Tasks:
    wic (WiCTask): ./bert_results/tasks/configs/wic_config.json
No optimizer decay for:
  encoder.embeddings.LayerNorm.weight
  encoder.embeddings.LayerNorm.bias
  encoder.encoder.layer.0.attention.self.query.bias
  encoder.encoder.layer.0.attention.self.key.bias
  encoder.encoder.layer.0.attention.self.value.bias
  encoder.encoder.layer.0.attention.output.dense.bias
  encoder.encoder.layer.0.attention.output.LayerNorm.weight
  encoder.encoder.layer.0.attention.output.LayerNorm.bias
  encoder.encoder.layer.0.intermediate.dense.bias
  encoder.encoder.layer.0.output.dense.bias
  encoder.encoder.layer.0.output.LayerNorm.weight
  encoder.encoder.layer.0.output.LayerNorm.bias
  encoder.encoder.layer.1.attention.self.query.bias
  encoder.encoder.layer.1.attention.self.key.bias
  encoder.encoder.layer.1.attention.self.value.bias
  encoder.encoder.layer.1.attention.output.dense.bias
  encoder.encoder.layer.1.attention.output.LayerNorm.weight
  encoder.encoder.layer.1.attention.output.LayerNorm.bias
  encoder.encoder.layer.1.intermediate.dense.bias
  encoder.encoder.layer.1.output.dense.bias
  encoder.encoder.layer.1.output.LayerNorm.weight
  encoder.encoder.layer.1.output.LayerNorm.bias
  encoder.encoder.layer.2.attention.self.query.bias
  encoder.encoder.layer.2.attention.self.key.bias
  encoder.encoder.layer.2.attention.self.value.bias
  encoder.encoder.layer.2.attention.output.dense.bias
  encoder.encoder.layer.2.attention.output.LayerNorm.weight
  encoder.encoder.layer.2.attention.output.LayerNorm.bias
  encoder.encoder.layer.2.intermediate.dense.bias
  encoder.encoder.layer.2.output.dense.bias
  encoder.encoder.layer.2.output.LayerNorm.weight
  encoder.encoder.layer.2.output.LayerNorm.bias
  encoder.encoder.layer.3.attention.self.query.bias
  encoder.encoder.layer.3.attention.self.key.bias
  encoder.encoder.layer.3.attention.self.value.bias
  encoder.encoder.layer.3.attention.output.dense.bias
  encoder.encoder.layer.3.attention.output.LayerNorm.weight
  encoder.encoder.layer.3.attention.output.LayerNorm.bias
  encoder.encoder.layer.3.intermediate.dense.bias
  encoder.encoder.layer.3.output.dense.bias
  encoder.encoder.layer.3.output.LayerNorm.weight
  encoder.encoder.layer.3.output.LayerNorm.bias
  encoder.encoder.layer.4.attention.self.query.bias
  encoder.encoder.layer.4.attention.self.key.bias
  encoder.encoder.layer.4.attention.self.value.bias
  encoder.encoder.layer.4.attention.output.dense.bias
  encoder.encoder.layer.4.attention.output.LayerNorm.weight
  encoder.encoder.layer.4.attention.output.LayerNorm.bias
  encoder.encoder.layer.4.intermediate.dense.bias
  encoder.encoder.layer.4.output.dense.bias
  encoder.encoder.layer.4.output.LayerNorm.weight
  encoder.encoder.layer.4.output.LayerNorm.bias
  encoder.encoder.layer.5.attention.self.query.bias
  encoder.encoder.layer.5.attention.self.key.bias
  encoder.encoder.layer.5.attention.self.value.bias
  encoder.encoder.layer.5.attention.output.dense.bias
  encoder.encoder.layer.5.attention.output.LayerNorm.weight
  encoder.encoder.layer.5.attention.output.LayerNorm.bias
  encoder.encoder.layer.5.intermediate.dense.bias
  encoder.encoder.layer.5.output.dense.bias
  encoder.encoder.layer.5.output.LayerNorm.weight
  encoder.encoder.layer.5.output.LayerNorm.bias
  encoder.encoder.layer.6.attention.self.query.bias
  encoder.encoder.layer.6.attention.self.key.bias
  encoder.encoder.layer.6.attention.self.value.bias
  encoder.encoder.layer.6.attention.output.dense.bias
  encoder.encoder.layer.6.attention.output.LayerNorm.weight
  encoder.encoder.layer.6.attention.output.LayerNorm.bias
  encoder.encoder.layer.6.intermediate.dense.bias
  encoder.encoder.layer.6.output.dense.bias
  encoder.encoder.layer.6.output.LayerNorm.weight
  encoder.encoder.layer.6.output.LayerNorm.bias
  encoder.encoder.layer.7.attention.self.query.bias
  encoder.encoder.layer.7.attention.self.key.bias
  encoder.encoder.layer.7.attention.self.value.bias
  encoder.encoder.layer.7.attention.output.dense.bias
  encoder.encoder.layer.7.attention.output.LayerNorm.weight
  encoder.encoder.layer.7.attention.output.LayerNorm.bias
  encoder.encoder.layer.7.intermediate.dense.bias
  encoder.encoder.layer.7.output.dense.bias
  encoder.encoder.layer.7.output.LayerNorm.weight
  encoder.encoder.layer.7.output.LayerNorm.bias
  encoder.encoder.layer.8.attention.self.query.bias
  encoder.encoder.layer.8.attention.self.key.bias
  encoder.encoder.layer.8.attention.self.value.bias
  encoder.encoder.layer.8.attention.output.dense.bias
  encoder.encoder.layer.8.attention.output.LayerNorm.weight
  encoder.encoder.layer.8.attention.output.LayerNorm.bias
  encoder.encoder.layer.8.intermediate.dense.bias
  encoder.encoder.layer.8.output.dense.bias
  encoder.encoder.layer.8.output.LayerNorm.weight
  encoder.encoder.layer.8.output.LayerNorm.bias
  encoder.encoder.layer.9.attention.self.query.bias
  encoder.encoder.layer.9.attention.self.key.bias
  encoder.encoder.layer.9.attention.self.value.bias
  encoder.encoder.layer.9.attention.output.dense.bias
  encoder.encoder.layer.9.attention.output.LayerNorm.weight
  encoder.encoder.layer.9.attention.output.LayerNorm.bias
  encoder.encoder.layer.9.intermediate.dense.bias
  encoder.encoder.layer.9.output.dense.bias
  encoder.encoder.layer.9.output.LayerNorm.weight
  encoder.encoder.layer.9.output.LayerNorm.bias
  encoder.encoder.layer.10.attention.self.query.bias
  encoder.encoder.layer.10.attention.self.key.bias
  encoder.encoder.layer.10.attention.self.value.bias
  encoder.encoder.layer.10.attention.output.dense.bias
  encoder.encoder.layer.10.attention.output.LayerNorm.weight
  encoder.encoder.layer.10.attention.output.LayerNorm.bias
  encoder.encoder.layer.10.intermediate.dense.bias
  encoder.encoder.layer.10.output.dense.bias
  encoder.encoder.layer.10.output.LayerNorm.weight
  encoder.encoder.layer.10.output.LayerNorm.bias
  encoder.encoder.layer.11.attention.self.query.bias
  encoder.encoder.layer.11.attention.self.key.bias
  encoder.encoder.layer.11.attention.self.value.bias
  encoder.encoder.layer.11.attention.output.dense.bias
  encoder.encoder.layer.11.attention.output.LayerNorm.weight
  encoder.encoder.layer.11.attention.output.LayerNorm.bias
  encoder.encoder.layer.11.intermediate.dense.bias
  encoder.encoder.layer.11.output.dense.bias
  encoder.encoder.layer.11.output.LayerNorm.weight
  encoder.encoder.layer.11.output.LayerNorm.bias
  encoder.pooler.dense.bias
  taskmodels_dict.wic.span_comparison_head.span_attention_extractor._global_attention._module.bias
  taskmodels_dict.wic.span_comparison_head.classifier.bias
Using AdamW
Loading Best
{
  "aggregated": 0.677115987460815,
  "wic": {
    "loss": 0.7669304370880127,
    "metrics": {
      "major": 0.677115987460815,
      "minor": {
        "acc": 0.677115987460815
      }
    }
  }
}
Tokenizing Task 'wsc' for phases 'train,val,test'
WSCTask
  [train]: /home/ks4765/jiant/bert_results/tasks/data/wsc/train.jsonl
  [val]: /home/ks4765/jiant/bert_results/tasks/data/wsc/val.jsonl
  [test]: /home/ks4765/jiant/bert_results/tasks/data/wsc/test.jsonl
Running from start
  jiant_task_container_config_path: ./bert_results/run_configs/simple_config.json
  output_dir: ./bert_results/runs/simple
  hf_pretrained_model_name_or_path: bert-base-uncased
  model_path: ./bert_results/models/bert/model/model.p
  model_config_path: ./bert_results/models/bert/model/config.json
  model_load_mode: from_transformers
  do_train: True
  do_val: True
  do_save: False
  do_save_last: False
  do_save_best: False
  write_val_preds: False
  write_test_preds: False
  eval_every_steps: 0
  save_every_steps: 0
  save_checkpoint_every_steps: 0
  no_improvements_for_n_evals: 0
  keep_checkpoint_when_done: False
  force_overwrite: False
  seed: -1
  learning_rate: 1e-05
  adam_epsilon: 1e-08
  max_grad_norm: 1.0
  optimizer_type: adam
  no_cuda: False
  fp16: False
  fp16_opt_level: O1
  local_rank: -1
  server_ip: 
  server_port: 
device: cuda n_gpu: 1, distributed training: False, 16-bits training: False
Using seed: 841347368
{
  "jiant_task_container_config_path": "./bert_results/run_configs/simple_config.json",
  "output_dir": "./bert_results/runs/simple",
  "hf_pretrained_model_name_or_path": "bert-base-uncased",
  "model_path": "./bert_results/models/bert/model/model.p",
  "model_config_path": "./bert_results/models/bert/model/config.json",
  "model_load_mode": "from_transformers",
  "do_train": true,
  "do_val": true,
  "do_save": false,
  "do_save_last": false,
  "do_save_best": false,
  "write_val_preds": false,
  "write_test_preds": false,
  "eval_every_steps": 0,
  "save_every_steps": 0,
  "save_checkpoint_every_steps": 0,
  "no_improvements_for_n_evals": 0,
  "keep_checkpoint_when_done": false,
  "force_overwrite": false,
  "seed": 841347368,
  "learning_rate": 1e-05,
  "adam_epsilon": 1e-08,
  "max_grad_norm": 1.0,
  "optimizer_type": "adam",
  "no_cuda": false,
  "fp16": false,
  "fp16_opt_level": "O1",
  "local_rank": -1,
  "server_ip": "",
  "server_port": ""
}
1
Creating Tasks:
    wsc (WSCTask): ./bert_results/tasks/configs/wsc_config.json
No optimizer decay for:
  encoder.embeddings.LayerNorm.weight
  encoder.embeddings.LayerNorm.bias
  encoder.encoder.layer.0.attention.self.query.bias
  encoder.encoder.layer.0.attention.self.key.bias
  encoder.encoder.layer.0.attention.self.value.bias
  encoder.encoder.layer.0.attention.output.dense.bias
  encoder.encoder.layer.0.attention.output.LayerNorm.weight
  encoder.encoder.layer.0.attention.output.LayerNorm.bias
  encoder.encoder.layer.0.intermediate.dense.bias
  encoder.encoder.layer.0.output.dense.bias
  encoder.encoder.layer.0.output.LayerNorm.weight
  encoder.encoder.layer.0.output.LayerNorm.bias
  encoder.encoder.layer.1.attention.self.query.bias
  encoder.encoder.layer.1.attention.self.key.bias
  encoder.encoder.layer.1.attention.self.value.bias
  encoder.encoder.layer.1.attention.output.dense.bias
  encoder.encoder.layer.1.attention.output.LayerNorm.weight
  encoder.encoder.layer.1.attention.output.LayerNorm.bias
  encoder.encoder.layer.1.intermediate.dense.bias
  encoder.encoder.layer.1.output.dense.bias
  encoder.encoder.layer.1.output.LayerNorm.weight
  encoder.encoder.layer.1.output.LayerNorm.bias
  encoder.encoder.layer.2.attention.self.query.bias
  encoder.encoder.layer.2.attention.self.key.bias
  encoder.encoder.layer.2.attention.self.value.bias
  encoder.encoder.layer.2.attention.output.dense.bias
  encoder.encoder.layer.2.attention.output.LayerNorm.weight
  encoder.encoder.layer.2.attention.output.LayerNorm.bias
  encoder.encoder.layer.2.intermediate.dense.bias
  encoder.encoder.layer.2.output.dense.bias
  encoder.encoder.layer.2.output.LayerNorm.weight
  encoder.encoder.layer.2.output.LayerNorm.bias
  encoder.encoder.layer.3.attention.self.query.bias
  encoder.encoder.layer.3.attention.self.key.bias
  encoder.encoder.layer.3.attention.self.value.bias
  encoder.encoder.layer.3.attention.output.dense.bias
  encoder.encoder.layer.3.attention.output.LayerNorm.weight
  encoder.encoder.layer.3.attention.output.LayerNorm.bias
  encoder.encoder.layer.3.intermediate.dense.bias
  encoder.encoder.layer.3.output.dense.bias
  encoder.encoder.layer.3.output.LayerNorm.weight
  encoder.encoder.layer.3.output.LayerNorm.bias
  encoder.encoder.layer.4.attention.self.query.bias
  encoder.encoder.layer.4.attention.self.key.bias
  encoder.encoder.layer.4.attention.self.value.bias
  encoder.encoder.layer.4.attention.output.dense.bias
  encoder.encoder.layer.4.attention.output.LayerNorm.weight
  encoder.encoder.layer.4.attention.output.LayerNorm.bias
  encoder.encoder.layer.4.intermediate.dense.bias
  encoder.encoder.layer.4.output.dense.bias
  encoder.encoder.layer.4.output.LayerNorm.weight
  encoder.encoder.layer.4.output.LayerNorm.bias
  encoder.encoder.layer.5.attention.self.query.bias
  encoder.encoder.layer.5.attention.self.key.bias
  encoder.encoder.layer.5.attention.self.value.bias
  encoder.encoder.layer.5.attention.output.dense.bias
  encoder.encoder.layer.5.attention.output.LayerNorm.weight
  encoder.encoder.layer.5.attention.output.LayerNorm.bias
  encoder.encoder.layer.5.intermediate.dense.bias
  encoder.encoder.layer.5.output.dense.bias
  encoder.encoder.layer.5.output.LayerNorm.weight
  encoder.encoder.layer.5.output.LayerNorm.bias
  encoder.encoder.layer.6.attention.self.query.bias
  encoder.encoder.layer.6.attention.self.key.bias
  encoder.encoder.layer.6.attention.self.value.bias
  encoder.encoder.layer.6.attention.output.dense.bias
  encoder.encoder.layer.6.attention.output.LayerNorm.weight
  encoder.encoder.layer.6.attention.output.LayerNorm.bias
  encoder.encoder.layer.6.intermediate.dense.bias
  encoder.encoder.layer.6.output.dense.bias
  encoder.encoder.layer.6.output.LayerNorm.weight
  encoder.encoder.layer.6.output.LayerNorm.bias
  encoder.encoder.layer.7.attention.self.query.bias
  encoder.encoder.layer.7.attention.self.key.bias
  encoder.encoder.layer.7.attention.self.value.bias
  encoder.encoder.layer.7.attention.output.dense.bias
  encoder.encoder.layer.7.attention.output.LayerNorm.weight
  encoder.encoder.layer.7.attention.output.LayerNorm.bias
  encoder.encoder.layer.7.intermediate.dense.bias
  encoder.encoder.layer.7.output.dense.bias
  encoder.encoder.layer.7.output.LayerNorm.weight
  encoder.encoder.layer.7.output.LayerNorm.bias
  encoder.encoder.layer.8.attention.self.query.bias
  encoder.encoder.layer.8.attention.self.key.bias
  encoder.encoder.layer.8.attention.self.value.bias
  encoder.encoder.layer.8.attention.output.dense.bias
  encoder.encoder.layer.8.attention.output.LayerNorm.weight
  encoder.encoder.layer.8.attention.output.LayerNorm.bias
  encoder.encoder.layer.8.intermediate.dense.bias
  encoder.encoder.layer.8.output.dense.bias
  encoder.encoder.layer.8.output.LayerNorm.weight
  encoder.encoder.layer.8.output.LayerNorm.bias
  encoder.encoder.layer.9.attention.self.query.bias
  encoder.encoder.layer.9.attention.self.key.bias
  encoder.encoder.layer.9.attention.self.value.bias
  encoder.encoder.layer.9.attention.output.dense.bias
  encoder.encoder.layer.9.attention.output.LayerNorm.weight
  encoder.encoder.layer.9.attention.output.LayerNorm.bias
  encoder.encoder.layer.9.intermediate.dense.bias
  encoder.encoder.layer.9.output.dense.bias
  encoder.encoder.layer.9.output.LayerNorm.weight
  encoder.encoder.layer.9.output.LayerNorm.bias
  encoder.encoder.layer.10.attention.self.query.bias
  encoder.encoder.layer.10.attention.self.key.bias
  encoder.encoder.layer.10.attention.self.value.bias
  encoder.encoder.layer.10.attention.output.dense.bias
  encoder.encoder.layer.10.attention.output.LayerNorm.weight
  encoder.encoder.layer.10.attention.output.LayerNorm.bias
  encoder.encoder.layer.10.intermediate.dense.bias
  encoder.encoder.layer.10.output.dense.bias
  encoder.encoder.layer.10.output.LayerNorm.weight
  encoder.encoder.layer.10.output.LayerNorm.bias
  encoder.encoder.layer.11.attention.self.query.bias
  encoder.encoder.layer.11.attention.self.key.bias
  encoder.encoder.layer.11.attention.self.value.bias
  encoder.encoder.layer.11.attention.output.dense.bias
  encoder.encoder.layer.11.attention.output.LayerNorm.weight
  encoder.encoder.layer.11.attention.output.LayerNorm.bias
  encoder.encoder.layer.11.intermediate.dense.bias
  encoder.encoder.layer.11.output.dense.bias
  encoder.encoder.layer.11.output.LayerNorm.weight
  encoder.encoder.layer.11.output.LayerNorm.bias
  encoder.pooler.dense.bias
  taskmodels_dict.wsc.span_comparison_head.span_attention_extractor._global_attention._module.bias
  taskmodels_dict.wsc.span_comparison_head.classifier.bias
Using AdamW
Loading Best
{
  "aggregated": 0.6057692307692307,
  "wsc": {
    "loss": 0.6638919711112976,
    "metrics": {
      "major": 0.6057692307692307,
      "minor": {
        "acc": 0.6057692307692307
      }
    }
  }
}
Tokenizing Task 'superglue_broadcoverage_diagnostics' for phases 'test'
RteTask
  [test]: /home/ks4765/jiant/bert_results/tasks/data/superglue_broadcoverage_diagnostics/test.jsonl
Running from start
  jiant_task_container_config_path: ./bert_results/run_configs/simple_config.json
  output_dir: ./bert_results/runs/simple
  hf_pretrained_model_name_or_path: bert-base-uncased
  model_path: ./bert_results/models/bert/model/model.p
  model_config_path: ./bert_results/models/bert/model/config.json
  model_load_mode: from_transformers
  do_train: False
  do_val: False
  do_save: False
  do_save_last: False
  do_save_best: False
  write_val_preds: False
  write_test_preds: False
  eval_every_steps: 0
  save_every_steps: 0
  save_checkpoint_every_steps: 0
  no_improvements_for_n_evals: 0
  keep_checkpoint_when_done: False
  force_overwrite: False
  seed: -1
  learning_rate: 1e-05
  adam_epsilon: 1e-08
  max_grad_norm: 1.0
  optimizer_type: adam
  no_cuda: False
  fp16: False
  fp16_opt_level: O1
  local_rank: -1
  server_ip: 
  server_port: 
device: cuda n_gpu: 1, distributed training: False, 16-bits training: False
Using seed: 3839160164
{
  "jiant_task_container_config_path": "./bert_results/run_configs/simple_config.json",
  "output_dir": "./bert_results/runs/simple",
  "hf_pretrained_model_name_or_path": "bert-base-uncased",
  "model_path": "./bert_results/models/bert/model/model.p",
  "model_config_path": "./bert_results/models/bert/model/config.json",
  "model_load_mode": "from_transformers",
  "do_train": false,
  "do_val": false,
  "do_save": false,
  "do_save_last": false,
  "do_save_best": false,
  "write_val_preds": false,
  "write_test_preds": false,
  "eval_every_steps": 0,
  "save_every_steps": 0,
  "save_checkpoint_every_steps": 0,
  "no_improvements_for_n_evals": 0,
  "keep_checkpoint_when_done": false,
  "force_overwrite": false,
  "seed": 3839160164,
  "learning_rate": 1e-05,
  "adam_epsilon": 1e-08,
  "max_grad_norm": 1.0,
  "optimizer_type": "adam",
  "no_cuda": false,
  "fp16": false,
  "fp16_opt_level": "O1",
  "local_rank": -1,
  "server_ip": "",
  "server_port": ""
}
1
Creating Tasks:
    superglue_broadcoverage_diagnostics (RteTask): ./bert_results/tasks/configs/superglue_broadcoverage_diagnostics_config.json
No optimizer decay for:
  encoder.embeddings.LayerNorm.weight
  encoder.embeddings.LayerNorm.bias
  encoder.encoder.layer.0.attention.self.query.bias
  encoder.encoder.layer.0.attention.self.key.bias
  encoder.encoder.layer.0.attention.self.value.bias
  encoder.encoder.layer.0.attention.output.dense.bias
  encoder.encoder.layer.0.attention.output.LayerNorm.weight
  encoder.encoder.layer.0.attention.output.LayerNorm.bias
  encoder.encoder.layer.0.intermediate.dense.bias
  encoder.encoder.layer.0.output.dense.bias
  encoder.encoder.layer.0.output.LayerNorm.weight
  encoder.encoder.layer.0.output.LayerNorm.bias
  encoder.encoder.layer.1.attention.self.query.bias
  encoder.encoder.layer.1.attention.self.key.bias
  encoder.encoder.layer.1.attention.self.value.bias
  encoder.encoder.layer.1.attention.output.dense.bias
  encoder.encoder.layer.1.attention.output.LayerNorm.weight
  encoder.encoder.layer.1.attention.output.LayerNorm.bias
  encoder.encoder.layer.1.intermediate.dense.bias
  encoder.encoder.layer.1.output.dense.bias
  encoder.encoder.layer.1.output.LayerNorm.weight
  encoder.encoder.layer.1.output.LayerNorm.bias
  encoder.encoder.layer.2.attention.self.query.bias
  encoder.encoder.layer.2.attention.self.key.bias
  encoder.encoder.layer.2.attention.self.value.bias
  encoder.encoder.layer.2.attention.output.dense.bias
  encoder.encoder.layer.2.attention.output.LayerNorm.weight
  encoder.encoder.layer.2.attention.output.LayerNorm.bias
  encoder.encoder.layer.2.intermediate.dense.bias
  encoder.encoder.layer.2.output.dense.bias
  encoder.encoder.layer.2.output.LayerNorm.weight
  encoder.encoder.layer.2.output.LayerNorm.bias
  encoder.encoder.layer.3.attention.self.query.bias
  encoder.encoder.layer.3.attention.self.key.bias
  encoder.encoder.layer.3.attention.self.value.bias
  encoder.encoder.layer.3.attention.output.dense.bias
  encoder.encoder.layer.3.attention.output.LayerNorm.weight
  encoder.encoder.layer.3.attention.output.LayerNorm.bias
  encoder.encoder.layer.3.intermediate.dense.bias
  encoder.encoder.layer.3.output.dense.bias
  encoder.encoder.layer.3.output.LayerNorm.weight
  encoder.encoder.layer.3.output.LayerNorm.bias
  encoder.encoder.layer.4.attention.self.query.bias
  encoder.encoder.layer.4.attention.self.key.bias
  encoder.encoder.layer.4.attention.self.value.bias
  encoder.encoder.layer.4.attention.output.dense.bias
  encoder.encoder.layer.4.attention.output.LayerNorm.weight
  encoder.encoder.layer.4.attention.output.LayerNorm.bias
  encoder.encoder.layer.4.intermediate.dense.bias
  encoder.encoder.layer.4.output.dense.bias
  encoder.encoder.layer.4.output.LayerNorm.weight
  encoder.encoder.layer.4.output.LayerNorm.bias
  encoder.encoder.layer.5.attention.self.query.bias
  encoder.encoder.layer.5.attention.self.key.bias
  encoder.encoder.layer.5.attention.self.value.bias
  encoder.encoder.layer.5.attention.output.dense.bias
  encoder.encoder.layer.5.attention.output.LayerNorm.weight
  encoder.encoder.layer.5.attention.output.LayerNorm.bias
  encoder.encoder.layer.5.intermediate.dense.bias
  encoder.encoder.layer.5.output.dense.bias
  encoder.encoder.layer.5.output.LayerNorm.weight
  encoder.encoder.layer.5.output.LayerNorm.bias
  encoder.encoder.layer.6.attention.self.query.bias
  encoder.encoder.layer.6.attention.self.key.bias
  encoder.encoder.layer.6.attention.self.value.bias
  encoder.encoder.layer.6.attention.output.dense.bias
  encoder.encoder.layer.6.attention.output.LayerNorm.weight
  encoder.encoder.layer.6.attention.output.LayerNorm.bias
  encoder.encoder.layer.6.intermediate.dense.bias
  encoder.encoder.layer.6.output.dense.bias
  encoder.encoder.layer.6.output.LayerNorm.weight
  encoder.encoder.layer.6.output.LayerNorm.bias
  encoder.encoder.layer.7.attention.self.query.bias
  encoder.encoder.layer.7.attention.self.key.bias
  encoder.encoder.layer.7.attention.self.value.bias
  encoder.encoder.layer.7.attention.output.dense.bias
  encoder.encoder.layer.7.attention.output.LayerNorm.weight
  encoder.encoder.layer.7.attention.output.LayerNorm.bias
  encoder.encoder.layer.7.intermediate.dense.bias
  encoder.encoder.layer.7.output.dense.bias
  encoder.encoder.layer.7.output.LayerNorm.weight
  encoder.encoder.layer.7.output.LayerNorm.bias
  encoder.encoder.layer.8.attention.self.query.bias
  encoder.encoder.layer.8.attention.self.key.bias
  encoder.encoder.layer.8.attention.self.value.bias
  encoder.encoder.layer.8.attention.output.dense.bias
  encoder.encoder.layer.8.attention.output.LayerNorm.weight
  encoder.encoder.layer.8.attention.output.LayerNorm.bias
  encoder.encoder.layer.8.intermediate.dense.bias
  encoder.encoder.layer.8.output.dense.bias
  encoder.encoder.layer.8.output.LayerNorm.weight
  encoder.encoder.layer.8.output.LayerNorm.bias
  encoder.encoder.layer.9.attention.self.query.bias
  encoder.encoder.layer.9.attention.self.key.bias
  encoder.encoder.layer.9.attention.self.value.bias
  encoder.encoder.layer.9.attention.output.dense.bias
  encoder.encoder.layer.9.attention.output.LayerNorm.weight
  encoder.encoder.layer.9.attention.output.LayerNorm.bias
  encoder.encoder.layer.9.intermediate.dense.bias
  encoder.encoder.layer.9.output.dense.bias
  encoder.encoder.layer.9.output.LayerNorm.weight
  encoder.encoder.layer.9.output.LayerNorm.bias
  encoder.encoder.layer.10.attention.self.query.bias
  encoder.encoder.layer.10.attention.self.key.bias
  encoder.encoder.layer.10.attention.self.value.bias
  encoder.encoder.layer.10.attention.output.dense.bias
  encoder.encoder.layer.10.attention.output.LayerNorm.weight
  encoder.encoder.layer.10.attention.output.LayerNorm.bias
  encoder.encoder.layer.10.intermediate.dense.bias
  encoder.encoder.layer.10.output.dense.bias
  encoder.encoder.layer.10.output.LayerNorm.weight
  encoder.encoder.layer.10.output.LayerNorm.bias
  encoder.encoder.layer.11.attention.self.query.bias
  encoder.encoder.layer.11.attention.self.key.bias
  encoder.encoder.layer.11.attention.self.value.bias
  encoder.encoder.layer.11.attention.output.dense.bias
  encoder.encoder.layer.11.attention.output.LayerNorm.weight
  encoder.encoder.layer.11.attention.output.LayerNorm.bias
  encoder.encoder.layer.11.intermediate.dense.bias
  encoder.encoder.layer.11.output.dense.bias
  encoder.encoder.layer.11.output.LayerNorm.weight
  encoder.encoder.layer.11.output.LayerNorm.bias
  encoder.pooler.dense.bias
  taskmodels_dict.superglue_broadcoverage_diagnostics.classification_head.dense.bias
  taskmodels_dict.superglue_broadcoverage_diagnostics.classification_head.out_proj.bias
Using AdamW
Tokenizing Task 'superglue_winogender_diagnostics' for phases 'test'
SuperglueWinogenderDiagnosticsTask
  [test]: /home/ks4765/jiant/bert_results/tasks/data/superglue_winogender_diagnostics/test.jsonl
Running from start
  jiant_task_container_config_path: ./bert_results/run_configs/simple_config.json
  output_dir: ./bert_results/runs/simple
  hf_pretrained_model_name_or_path: bert-base-uncased
  model_path: ./bert_results/models/bert/model/model.p
  model_config_path: ./bert_results/models/bert/model/config.json
  model_load_mode: from_transformers
  do_train: False
  do_val: False
  do_save: False
  do_save_last: False
  do_save_best: False
  write_val_preds: False
  write_test_preds: False
  eval_every_steps: 0
  save_every_steps: 0
  save_checkpoint_every_steps: 0
  no_improvements_for_n_evals: 0
  keep_checkpoint_when_done: False
  force_overwrite: False
  seed: -1
  learning_rate: 1e-05
  adam_epsilon: 1e-08
  max_grad_norm: 1.0
  optimizer_type: adam
  no_cuda: False
  fp16: False
  fp16_opt_level: O1
  local_rank: -1
  server_ip: 
  server_port: 
device: cuda n_gpu: 1, distributed training: False, 16-bits training: False
Using seed: 2961874301
{
  "jiant_task_container_config_path": "./bert_results/run_configs/simple_config.json",
  "output_dir": "./bert_results/runs/simple",
  "hf_pretrained_model_name_or_path": "bert-base-uncased",
  "model_path": "./bert_results/models/bert/model/model.p",
  "model_config_path": "./bert_results/models/bert/model/config.json",
  "model_load_mode": "from_transformers",
  "do_train": false,
  "do_val": false,
  "do_save": false,
  "do_save_last": false,
  "do_save_best": false,
  "write_val_preds": false,
  "write_test_preds": false,
  "eval_every_steps": 0,
  "save_every_steps": 0,
  "save_checkpoint_every_steps": 0,
  "no_improvements_for_n_evals": 0,
  "keep_checkpoint_when_done": false,
  "force_overwrite": false,
  "seed": 2961874301,
  "learning_rate": 1e-05,
  "adam_epsilon": 1e-08,
  "max_grad_norm": 1.0,
  "optimizer_type": "adam",
  "no_cuda": false,
  "fp16": false,
  "fp16_opt_level": "O1",
  "local_rank": -1,
  "server_ip": "",
  "server_port": ""
}
1
Creating Tasks:
    superglue_winogender_diagnostics (SuperglueWinogenderDiagnosticsTask): ./bert_results/tasks/configs/superglue_winogender_diagnostics_config.json
No optimizer decay for:
  encoder.embeddings.LayerNorm.weight
  encoder.embeddings.LayerNorm.bias
  encoder.encoder.layer.0.attention.self.query.bias
  encoder.encoder.layer.0.attention.self.key.bias
  encoder.encoder.layer.0.attention.self.value.bias
  encoder.encoder.layer.0.attention.output.dense.bias
  encoder.encoder.layer.0.attention.output.LayerNorm.weight
  encoder.encoder.layer.0.attention.output.LayerNorm.bias
  encoder.encoder.layer.0.intermediate.dense.bias
  encoder.encoder.layer.0.output.dense.bias
  encoder.encoder.layer.0.output.LayerNorm.weight
  encoder.encoder.layer.0.output.LayerNorm.bias
  encoder.encoder.layer.1.attention.self.query.bias
  encoder.encoder.layer.1.attention.self.key.bias
  encoder.encoder.layer.1.attention.self.value.bias
  encoder.encoder.layer.1.attention.output.dense.bias
  encoder.encoder.layer.1.attention.output.LayerNorm.weight
  encoder.encoder.layer.1.attention.output.LayerNorm.bias
  encoder.encoder.layer.1.intermediate.dense.bias
  encoder.encoder.layer.1.output.dense.bias
  encoder.encoder.layer.1.output.LayerNorm.weight
  encoder.encoder.layer.1.output.LayerNorm.bias
  encoder.encoder.layer.2.attention.self.query.bias
  encoder.encoder.layer.2.attention.self.key.bias
  encoder.encoder.layer.2.attention.self.value.bias
  encoder.encoder.layer.2.attention.output.dense.bias
  encoder.encoder.layer.2.attention.output.LayerNorm.weight
  encoder.encoder.layer.2.attention.output.LayerNorm.bias
  encoder.encoder.layer.2.intermediate.dense.bias
  encoder.encoder.layer.2.output.dense.bias
  encoder.encoder.layer.2.output.LayerNorm.weight
  encoder.encoder.layer.2.output.LayerNorm.bias
  encoder.encoder.layer.3.attention.self.query.bias
  encoder.encoder.layer.3.attention.self.key.bias
  encoder.encoder.layer.3.attention.self.value.bias
  encoder.encoder.layer.3.attention.output.dense.bias
  encoder.encoder.layer.3.attention.output.LayerNorm.weight
  encoder.encoder.layer.3.attention.output.LayerNorm.bias
  encoder.encoder.layer.3.intermediate.dense.bias
  encoder.encoder.layer.3.output.dense.bias
  encoder.encoder.layer.3.output.LayerNorm.weight
  encoder.encoder.layer.3.output.LayerNorm.bias
  encoder.encoder.layer.4.attention.self.query.bias
  encoder.encoder.layer.4.attention.self.key.bias
  encoder.encoder.layer.4.attention.self.value.bias
  encoder.encoder.layer.4.attention.output.dense.bias
  encoder.encoder.layer.4.attention.output.LayerNorm.weight
  encoder.encoder.layer.4.attention.output.LayerNorm.bias
  encoder.encoder.layer.4.intermediate.dense.bias
  encoder.encoder.layer.4.output.dense.bias
  encoder.encoder.layer.4.output.LayerNorm.weight
  encoder.encoder.layer.4.output.LayerNorm.bias
  encoder.encoder.layer.5.attention.self.query.bias
  encoder.encoder.layer.5.attention.self.key.bias
  encoder.encoder.layer.5.attention.self.value.bias
  encoder.encoder.layer.5.attention.output.dense.bias
  encoder.encoder.layer.5.attention.output.LayerNorm.weight
  encoder.encoder.layer.5.attention.output.LayerNorm.bias
  encoder.encoder.layer.5.intermediate.dense.bias
  encoder.encoder.layer.5.output.dense.bias
  encoder.encoder.layer.5.output.LayerNorm.weight
  encoder.encoder.layer.5.output.LayerNorm.bias
  encoder.encoder.layer.6.attention.self.query.bias
  encoder.encoder.layer.6.attention.self.key.bias
  encoder.encoder.layer.6.attention.self.value.bias
  encoder.encoder.layer.6.attention.output.dense.bias
  encoder.encoder.layer.6.attention.output.LayerNorm.weight
  encoder.encoder.layer.6.attention.output.LayerNorm.bias
  encoder.encoder.layer.6.intermediate.dense.bias
  encoder.encoder.layer.6.output.dense.bias
  encoder.encoder.layer.6.output.LayerNorm.weight
  encoder.encoder.layer.6.output.LayerNorm.bias
  encoder.encoder.layer.7.attention.self.query.bias
  encoder.encoder.layer.7.attention.self.key.bias
  encoder.encoder.layer.7.attention.self.value.bias
  encoder.encoder.layer.7.attention.output.dense.bias
  encoder.encoder.layer.7.attention.output.LayerNorm.weight
  encoder.encoder.layer.7.attention.output.LayerNorm.bias
  encoder.encoder.layer.7.intermediate.dense.bias
  encoder.encoder.layer.7.output.dense.bias
  encoder.encoder.layer.7.output.LayerNorm.weight
  encoder.encoder.layer.7.output.LayerNorm.bias
  encoder.encoder.layer.8.attention.self.query.bias
  encoder.encoder.layer.8.attention.self.key.bias
  encoder.encoder.layer.8.attention.self.value.bias
  encoder.encoder.layer.8.attention.output.dense.bias
  encoder.encoder.layer.8.attention.output.LayerNorm.weight
  encoder.encoder.layer.8.attention.output.LayerNorm.bias
  encoder.encoder.layer.8.intermediate.dense.bias
  encoder.encoder.layer.8.output.dense.bias
  encoder.encoder.layer.8.output.LayerNorm.weight
  encoder.encoder.layer.8.output.LayerNorm.bias
  encoder.encoder.layer.9.attention.self.query.bias
  encoder.encoder.layer.9.attention.self.key.bias
  encoder.encoder.layer.9.attention.self.value.bias
  encoder.encoder.layer.9.attention.output.dense.bias
  encoder.encoder.layer.9.attention.output.LayerNorm.weight
  encoder.encoder.layer.9.attention.output.LayerNorm.bias
  encoder.encoder.layer.9.intermediate.dense.bias
  encoder.encoder.layer.9.output.dense.bias
  encoder.encoder.layer.9.output.LayerNorm.weight
  encoder.encoder.layer.9.output.LayerNorm.bias
  encoder.encoder.layer.10.attention.self.query.bias
  encoder.encoder.layer.10.attention.self.key.bias
  encoder.encoder.layer.10.attention.self.value.bias
  encoder.encoder.layer.10.attention.output.dense.bias
  encoder.encoder.layer.10.attention.output.LayerNorm.weight
  encoder.encoder.layer.10.attention.output.LayerNorm.bias
  encoder.encoder.layer.10.intermediate.dense.bias
  encoder.encoder.layer.10.output.dense.bias
  encoder.encoder.layer.10.output.LayerNorm.weight
  encoder.encoder.layer.10.output.LayerNorm.bias
  encoder.encoder.layer.11.attention.self.query.bias
  encoder.encoder.layer.11.attention.self.key.bias
  encoder.encoder.layer.11.attention.self.value.bias
  encoder.encoder.layer.11.attention.output.dense.bias
  encoder.encoder.layer.11.attention.output.LayerNorm.weight
  encoder.encoder.layer.11.attention.output.LayerNorm.bias
  encoder.encoder.layer.11.intermediate.dense.bias
  encoder.encoder.layer.11.output.dense.bias
  encoder.encoder.layer.11.output.LayerNorm.weight
  encoder.encoder.layer.11.output.LayerNorm.bias
  encoder.pooler.dense.bias
  taskmodels_dict.superglue_winogender_diagnostics.classification_head.dense.bias
  taskmodels_dict.superglue_winogender_diagnostics.classification_head.out_proj.bias
Using AdamW
